Arguments: 
  /Users/trixobird/.nvm/versions/node/v18.11.0/bin/node /Users/trixobird/.yarn/bin/yarn.js

PATH: 
  /Users/trixobird/.rvm/gems/ruby-2.7.5/bin:/Users/trixobird/.rvm/gems/ruby-2.7.5@global/bin:/Users/trixobird/.rvm/rubies/ruby-2.7.5/bin:/Users/trixobird/.nvm/versions/node/v18.11.0/bin:/Users/trixobird/.yarn/bin:/Users/trixobird/.config/yarn/global/node_modules/.bin:/Library/Frameworks/Python.framework/Versions/3.10/bin:/usr/local/bin:/System/Cryptexes/App/usr/bin:/usr/bin:/bin:/usr/sbin:/sbin:/Library/Apple/usr/bin:/Users/trixobird/.cargo/bin:/Users/trixobird/w/testing/typescript/helloworld/node_modules/.bin:/Users/trixobird/Library/Android/sdk/emulator:/Users/trixobird/Library/Android/sdk/platform-tools:/Users/trixobird/.rvm/bin

Yarn version: 
  1.22.19

Node version: 
  18.11.0

Platform: 
  darwin x64

Trace: 
  Error: https://registry.yarnpkg.com/@hello-typescript%2fcore: Not found
      at params.callback [as _callback] (/Users/trixobird/.yarn/lib/cli.js:66145:18)
      at self.callback (/Users/trixobird/.yarn/lib/cli.js:140890:22)
      at Request.emit (node:events:513:28)
      at Request.<anonymous> (/Users/trixobird/.yarn/lib/cli.js:141862:10)
      at Request.emit (node:events:513:28)
      at IncomingMessage.<anonymous> (/Users/trixobird/.yarn/lib/cli.js:141784:12)
      at Object.onceWrapper (node:events:627:28)
      at IncomingMessage.emit (node:events:525:35)
      at endReadableNT (node:internal/streams/readable:1359:12)
      at process.processTicksAndRejections (node:internal/process/task_queues:82:21)

npm manifest: 
  {
    "name": "@hello-typescript/api",
    "license": "UNLICENSED",
    "version": "1.0.0",
    "scripts": {
      "build": "tsc",
      "dev": "ts-node-dev src/index.ts",
      "lint": "eslint . --ext .ts",
      "lint:fix": "eslint . --fix --ext .ts",
      "prettier:fix": "prettier --write ."
    },
    "lint-staged": {
      "**/*": "prettier --write --ignore-unknown"
    },
    "dependencies": {
      "@hello-typescript/core": "1.0.0",
      "express": "^4.18.2"
    },
    "devDependencies": {
      "@types/express": "^4.17.15",
      "@types/node": "^18.11.17",
      "@typescript-eslint/eslint-plugin": "^5.0.0",
      "@typescript-eslint/parser": "^5.47.0",
      "eslint": "^8.0.1",
      "eslint-config-prettier": "^8.5.0",
      "eslint-config-standard-with-typescript": "^24.0.0",
      "eslint-plugin-import": "^2.25.2",
      "eslint-plugin-n": "^15.0.0",
      "eslint-plugin-promise": "^6.0.0",
      "lint-staged": "^13.1.0",
      "prettier": "2.8.1",
      "pretty-quick": "^3.1.3",
      "ts-node-dev": "^2.0.0",
      "typescript": "*"
    }
  }

yarn manifest: 
  No manifest

Lockfile: 
  No lockfile
